This is pdfTeX, Version 3.141592653-2.6-1.40.25 (MiKTeX 23.10) (preloaded format=pdflatex 2023.10.20)  18 JAN 2024 11:54
entering extended mode
 restricted \write18 enabled.
 %&-line parsing enabled.
**./RapportTowerDefense.tex
(RapportTowerDefense.tex
LaTeX2e <2023-06-01> patch level 1
L3 programming layer <2023-08-29>
(C:\Users\MPuur\AppData\Local\Programs\MiKTeX\tex/latex/base\report.cls
Document Class: report 2023/05/17 v1.4n Standard LaTeX document class
(C:\Users\MPuur\AppData\Local\Programs\MiKTeX\tex/latex/base\size10.clo
File: size10.clo 2023/05/17 v1.4n Standard LaTeX file (size option)
)
\c@part=\count185
\c@chapter=\count186
\c@section=\count187
\c@subsection=\count188
\c@subsubsection=\count189
\c@paragraph=\count190
\c@subparagraph=\count191
\c@figure=\count192
\c@table=\count193
\abovecaptionskip=\skip48
\belowcaptionskip=\skip49
\bibindent=\dimen140
)
(C:\Users\MPuur\AppData\Local\Programs\MiKTeX\tex/latex/graphics\graphicx.sty
Package: graphicx 2021/09/16 v1.2d Enhanced LaTeX Graphics (DPC,SPQR)

(C:\Users\MPuur\AppData\Local\Programs\MiKTeX\tex/latex/graphics\keyval.sty
Package: keyval 2022/05/29 v1.15 key=value parser (DPC)
\KV@toks@=\toks17
)
(C:\Users\MPuur\AppData\Local\Programs\MiKTeX\tex/latex/graphics\graphics.sty
Package: graphics 2022/03/10 v1.4e Standard LaTeX Graphics (DPC,SPQR)

(C:\Users\MPuur\AppData\Local\Programs\MiKTeX\tex/latex/graphics\trig.sty
Package: trig 2021/08/11 v1.11 sin cos tan (DPC)
)
(C:\Users\MPuur\AppData\Local\Programs\MiKTeX\tex/latex/graphics-cfg\graphics.c
fg
File: graphics.cfg 2016/06/04 v1.11 sample graphics configuration
)
Package graphics Info: Driver file: pdftex.def on input line 107.

(C:\Users\MPuur\AppData\Local\Programs\MiKTeX\tex/latex/graphics-def\pdftex.def
File: pdftex.def 2022/09/22 v1.2b Graphics/color driver for pdftex
))
\Gin@req@height=\dimen141
\Gin@req@width=\dimen142
) (C:\Users\MPuur\AppData\Local\Programs\MiKTeX\tex/latex/xcolor\xcolor.sty
Package: xcolor 2022/06/12 v2.14 LaTeX color extensions (UK)

(C:\Users\MPuur\AppData\Local\Programs\MiKTeX\tex/latex/graphics-cfg\color.cfg
File: color.cfg 2016/01/02 v1.6 sample color configuration
)
Package xcolor Info: Driver file: pdftex.def on input line 227.
(C:\Users\MPuur\AppData\Local\Programs\MiKTeX\tex/latex/graphics\mathcolor.ltx)
Package xcolor Info: Model `cmy' substituted by `cmy0' on input line 1353.
Package xcolor Info: Model `hsb' substituted by `rgb' on input line 1357.
Package xcolor Info: Model `RGB' extended on input line 1369.
Package xcolor Info: Model `HTML' substituted by `rgb' on input line 1371.
Package xcolor Info: Model `Hsb' substituted by `hsb' on input line 1372.
Package xcolor Info: Model `tHsb' substituted by `hsb' on input line 1373.
Package xcolor Info: Model `HSB' substituted by `hsb' on input line 1374.
Package xcolor Info: Model `Gray' substituted by `gray' on input line 1375.
Package xcolor Info: Model `wave' substituted by `hsb' on input line 1376.
) (C:\Users\MPuur\AppData\Local\Programs\MiKTeX\tex/latex/natbib\natbib.sty
Package: natbib 2010/09/13 8.31b (PWD, AO)
\bibhang=\skip50
\bibsep=\skip51
LaTeX Info: Redefining \cite on input line 694.
\c@NAT@ctr=\count194
)
(C:\Users\MPuur\AppData\Local\Programs\MiKTeX\tex/latex/l3backend\l3backend-pdf
tex.def
File: l3backend-pdftex.def 2023-04-19 L3 backend support: PDF output (pdfTeX)
\l__color_backend_stack_int=\count195
\l__pdf_internal_box=\box51
) (RapportTowerDefense.aux)
\openout1 = `RapportTowerDefense.aux'.

LaTeX Font Info:    Checking defaults for OML/cmm/m/it on input line 6.
LaTeX Font Info:    ... okay on input line 6.
LaTeX Font Info:    Checking defaults for OMS/cmsy/m/n on input line 6.
LaTeX Font Info:    ... okay on input line 6.
LaTeX Font Info:    Checking defaults for OT1/cmr/m/n on input line 6.
LaTeX Font Info:    ... okay on input line 6.
LaTeX Font Info:    Checking defaults for T1/cmr/m/n on input line 6.
LaTeX Font Info:    ... okay on input line 6.
LaTeX Font Info:    Checking defaults for TS1/cmr/m/n on input line 6.
LaTeX Font Info:    ... okay on input line 6.
LaTeX Font Info:    Checking defaults for OMX/cmex/m/n on input line 6.
LaTeX Font Info:    ... okay on input line 6.
LaTeX Font Info:    Checking defaults for U/cmr/m/n on input line 6.
LaTeX Font Info:    ... okay on input line 6.

(C:\Users\MPuur\AppData\Local\Programs\MiKTeX\tex/context/base/mkii\supp-pdf.mk
ii
[Loading MPS to PDF converter (version 2006.09.02).]
\scratchcounter=\count196
\scratchdimen=\dimen143
\scratchbox=\box52
\nofMPsegments=\count197
\nofMParguments=\count198
\everyMPshowfont=\toks18
\MPscratchCnt=\count199
\MPscratchDim=\dimen144
\MPnumerator=\count266
\makeMPintoPDFobject=\count267
\everyMPtoPDFconversion=\toks19
)
(C:\Users\MPuur\AppData\Local\Programs\MiKTeX\tex/latex/epstopdf-pkg\epstopdf-b
ase.sty
Package: epstopdf-base 2020-01-24 v2.11 Base part for package epstopdf
Package epstopdf-base Info: Redefining graphics rule for `.eps' on input line 4
85.

(C:\Users\MPuur\AppData\Local\Programs\MiKTeX\tex/latex/00miktex\epstopdf-sys.c
fg
File: epstopdf-sys.cfg 2021/03/18 v2.0 Configuration of epstopdf for MiKTeX
))
<logo-colonne-uca-couleur-master.png, id=1, 1344.03429pt x 473.97858pt>
File: logo-colonne-uca-couleur-master.png Graphic file (type png)
<use logo-colonne-uca-couleur-master.png>
Package pdftex.def Info: logo-colonne-uca-couleur-master.png  used on input lin
e 25.
(pdftex.def)             Requested size: 284.52756pt x 100.34122pt.
 [1

{C:/Users/MPuur/AppData/Local/MiKTeX/fonts/map/pdftex/pdftex.map} <./logo-colon
ne-uca-couleur-master.png>]
<Jeu.png, id=11, 829.9005pt x 483.0045pt>
File: Jeu.png Graphic file (type png)
<use Jeu.png>
Package pdftex.def Info: Jeu.png  used on input line 43.
(pdftex.def)             Requested size: 414.94923pt x 241.50165pt.

Overfull \hbox (69.94923pt too wide) in paragraph at lines 43--44
 [][] 
 []

<Pieces.png, id=12, 254.1495pt x 40.35075pt>
File: Pieces.png Graphic file (type png)
<use Pieces.png>
Package pdftex.def Info: Pieces.png  used on input line 53.
(pdftex.def)             Requested size: 203.31987pt x 32.28064pt.
[1 <./Jeu.png>]
<Inventaire.png, id=19, 507.69675pt x 112.0185pt>
File: Inventaire.png Graphic file (type png)
<use Inventaire.png>
Package pdftex.def Info: Inventaire.png  used on input line 59.
(pdftex.def)             Requested size: 355.3853pt x 78.4124pt.

Overfull \hbox (10.3853pt too wide) in paragraph at lines 59--60
 [][] 
 []

<MalPlacé.png, id=20, 222.23026pt x 122.859pt>
File: MalPlacé.png Graphic file (type png)
<use MalPlacé.png>
Package pdftex.def Info: MalPlacé.png  used on input line 64.
(pdftex.def)             Requested size: 155.5601pt x 86.00069pt.
<AmeliorationTour.png, id=21, 169.8345pt x 137.91525pt>
File: AmeliorationTour.png Graphic file (type png)
<use AmeliorationTour.png>
Package pdftex.def Info: AmeliorationTour.png  used on input line 72.
(pdftex.def)             Requested size: 84.91704pt x 68.95744pt.
[2 <./Pieces.png> <./Inventaire.png> <./MalPlacé.png>]
Underfull \hbox (badness 10000) in paragraph at lines 89--90

 []

[3 <./AmeliorationTour.png>]
<Strategy.png, id=33, 578.76225pt x 245.11575pt>
File: Strategy.png Graphic file (type png)
<use Strategy.png>
Package pdftex.def Info: Strategy.png  used on input line 102.
(pdftex.def)             Requested size: 289.38042pt x 122.55757pt.

Overfull \hbox (25.60257pt too wide) in paragraph at lines 97--105
\OT1/cmr/m/n/10 utilisent pour leur tire. Di-rect-Shoot, Ral-len-tir-Shoot et Z
oned-Shoot imp^^Sementent
 []

[4 <./Strategy.png>] [5] (RapportTowerDefense.aux)
 ***********
LaTeX2e <2023-06-01> patch level 1
L3 programming layer <2023-08-29>
 ***********
 ) 
Here is how much of TeX's memory you used:
 2234 strings out of 475248
 34486 string characters out of 5757812
 1925785 words of memory out of 5000000
 23787 multiletter control sequences out of 15000+600000
 561126 words of font info for 46 fonts, out of 8000000 for 9000
 1141 hyphenation exceptions out of 8191
 57i,8n,65p,649b,306s stack positions out of 10000i,1000n,20000p,200000b,200000s
 <C:\Users\MPuur\AppData\Local\MiKTeX\fonts/pk/ljfour/jknappen/ec/dpi600\tcrm
1000.pk><C:/Users/MPuur/AppData/Local/Programs/MiKTeX/fonts/type1/public/amsfon
ts/cm/cmbx10.pfb><C:/Users/MPuur/AppData/Local/Programs/MiKTeX/fonts/type1/publ
ic/amsfonts/cm/cmbx12.pfb><C:/Users/MPuur/AppData/Local/Programs/MiKTeX/fonts/t
ype1/public/amsfonts/cm/cmr10.pfb><C:/Users/MPuur/AppData/Local/Programs/MiKTeX
/fonts/type1/public/amsfonts/cm/cmr12.pfb><C:/Users/MPuur/AppData/Local/Program
s/MiKTeX/fonts/type1/public/amsfonts/cm/cmr17.pfb>
Output written on RapportTowerDefense.pdf (6 pages, 234065 bytes).
PDF statistics:
 66 PDF objects out of 1000 (max. 8388607)
 0 named destinations out of 1000 (max. 500000)
 36 words of extra memory for PDF output out of 10000 (max. 10000000)

